2022-05-29 19:15:02 [main] INFO  c.e.demo.XyzToStudentApplication - Starting XyzToStudentApplication using Java 17.0.1 on DESKTOP-7P5RSAI with PID 13572 (F:\INFOSYS\XYZ_ToStudent\target\classes started by PERSONAL in F:\INFOSYS\XYZ_ToStudent)
2022-05-29 19:15:02 [main] INFO  c.e.demo.XyzToStudentApplication - No active profile set, falling back to 1 default profile: "default"
2022-05-29 19:15:03 [main] INFO  c.e.demo.XyzToStudentApplication - Started XyzToStudentApplication in 1.695 seconds (JVM running for 2.878)
2022-05-29 19:15:03 [main] ERROR c.e.demo.XyzToStudentApplication - Length of id is incorrect 
2022-05-29 19:15:59 [main] INFO c.e.demo.XyzToStudentApplication - Starting XyzToStudentApplication using Java 17.0.1 on DESKTOP-7P5RSAI with PID 852 (F:\INFOSYS\XYZ_ToStudent\target\classes started by PERSONAL in F:\INFOSYS\XYZ_ToStudent)
2022-05-29 19:15:59 [main] INFO c.e.demo.XyzToStudentApplication - No active profile set, falling back to 1 default profile: "default"
2022-05-29 19:16:00 [main] INFO c.e.demo.XyzToStudentApplication - Started XyzToStudentApplication in 1.138 seconds (JVM running for 1.979)
2022-05-29 19:16:00 [main] ERROR c.e.demo.XyzToStudentApplication - Length of id is incorrect 
2022-05-29 19:16:47 [main] INFO c.e.demo.XyzToStudentApplication - Starting XyzToStudentApplication using Java 17.0.1 on DESKTOP-7P5RSAI with PID 13672 (F:\INFOSYS\XYZ_ToStudent\target\classes started by PERSONAL in F:\INFOSYS\XYZ_ToStudent)
2022-05-29 19:16:47 [main] INFO c.e.demo.XyzToStudentApplication - No active profile set, falling back to 1 default profile: "default"
2022-05-29 19:16:48 [main] INFO c.e.demo.XyzToStudentApplication - Started XyzToStudentApplication in 1.128 seconds (JVM running for 2.032)
2022-05-29 19:16:48 [main] ERROR c.e.demo.XyzToStudentApplication - Length of id is incorrect 
2022-05-29 19:17:29 [main] INFO c.e.demo.XyzToStudentApplication - Starting XyzToStudentApplication using Java 17.0.1 on DESKTOP-7P5RSAI with PID 12616 (F:\INFOSYS\XYZ_ToStudent\target\classes started by PERSONAL in F:\INFOSYS\XYZ_ToStudent)
2022-05-29 19:17:29 [main] INFO c.e.demo.XyzToStudentApplication - No active profile set, falling back to 1 default profile: "default"
2022-05-29 19:17:30 [main] INFO c.e.demo.XyzToStudentApplication - Started XyzToStudentApplication in 1.187 seconds (JVM running for 2.059)
2022-05-29 19:17:30 [main] ERROR c.e.demo.XyzToStudentApplication - Length of id is incorrect 
2022-05-29 19:26:38 [main] INFO c.e.demo.XyzToStudentApplication - Starting XyzToStudentApplication using Java 17.0.1 on DESKTOP-7P5RSAI with PID 10484 (F:\INFOSYS\XYZ_ToStudent\target\classes started by PERSONAL in F:\INFOSYS\XYZ_ToStudent)
2022-05-29 19:26:38 [main] INFO c.e.demo.XyzToStudentApplication - No active profile set, falling back to 1 default profile: "default"
2022-05-29 19:26:39 [main] INFO c.e.demo.XyzToStudentApplication - Started XyzToStudentApplication in 1.357 seconds (JVM running for 2.272)
2022-05-29 19:26:39 [main] ERROR c.e.demo.XyzToStudentApplication - Length of id is incorrect 
